2017-04-06b 15:26:33
amol user created successfully
2017-04-06b 15:28:03
amolnt user created successfully
2017-04-06b 18:55:08
amol user created successfully
2017-04-06b 18:56:04
amolnt user created successfully
2017-04-07b 11:38:39
ajay user created successfully
2017-04-07b 11:48:44
ajay user created successfully
2017-04-08b 19:29:22
amol user created successfully
2017-04-10b 01:32:07
amolnt user created successfully
2017-04-10b 01:37:27
ajay user created successfully
2017-04-23b 22:33:39
sagar user created successfully
2017-05-09b 12:04:09
vishal user created successfully
2017-05-09b 12:08:56
varsha user created successfully
2017-05-10b 11:58:24
ankita user created successfully
